Determining if the pthread_create exist failed with the following output:
Change Dir: /home/kunal/catkin_ws/src/multirate-mpc-cbf/CMakeFiles/CMakeTmp

Run Build Command:"/usr/bin/make" "cmTC_dd739/fast"
/usr/bin/make -f CMakeFiles/cmTC_dd739.dir/build.make CMakeFiles/cmTC_dd739.dir/build
make[1]: Entering directory '/home/kunal/catkin_ws/src/multirate-mpc-cbf/CMakeFiles/CMakeTmp'
Building C object CMakeFiles/cmTC_dd739.dir/CheckSymbolExists.c.o
/usr/bin/cc    -o CMakeFiles/cmTC_dd739.dir/CheckSymbolExists.c.o   -c /home/kunal/catkin_ws/src/multirate-mpc-cbf/CMakeFiles/CMakeTmp/CheckSymbolExists.c
Linking C executable cmTC_dd739
/usr/bin/cmake -E cmake_link_script CMakeFiles/cmTC_dd739.dir/link.txt --verbose=1
/usr/bin/cc      -rdynamic CMakeFiles/cmTC_dd739.dir/CheckSymbolExists.c.o  -o cmTC_dd739 
CMakeFiles/cmTC_dd739.dir/CheckSymbolExists.c.o: In function `main':
CheckSymbolExists.c:(.text+0x1b): undefined reference to `pthread_create'
collect2: error: ld returned 1 exit status
CMakeFiles/cmTC_dd739.dir/build.make:97: recipe for target 'cmTC_dd739' failed
make[1]: *** [cmTC_dd739] Error 1
make[1]: Leaving directory '/home/kunal/catkin_ws/src/multirate-mpc-cbf/CMakeFiles/CMakeTmp'
Makefile:126: recipe for target 'cmTC_dd739/fast' failed
make: *** [cmTC_dd739/fast] Error 2

File /home/kunal/catkin_ws/src/multirate-mpc-cbf/CMakeFiles/CMakeTmp/CheckSymbolExists.c:
/* */
#include <pthread.h>

int main(int argc, char** argv)
{
  (void)argv;
#ifndef pthread_create
  return ((int*)(&pthread_create))[argc];
#else
  (void)argc;
  return 0;
#endif
}

Determining if the function pthread_create exists in the pthreads failed with the following output:
Change Dir: /home/kunal/catkin_ws/src/multirate-mpc-cbf/CMakeFiles/CMakeTmp

Run Build Command:"/usr/bin/make" "cmTC_13a21/fast"
/usr/bin/make -f CMakeFiles/cmTC_13a21.dir/build.make CMakeFiles/cmTC_13a21.dir/build
make[1]: Entering directory '/home/kunal/catkin_ws/src/multirate-mpc-cbf/CMakeFiles/CMakeTmp'
Building C object CMakeFiles/cmTC_13a21.dir/CheckFunctionExists.c.o
/usr/bin/cc   -DCHECK_FUNCTION_EXISTS=pthread_create   -o CMakeFiles/cmTC_13a21.dir/CheckFunctionExists.c.o   -c /usr/share/cmake-3.10/Modules/CheckFunctionExists.c
Linking C executable cmTC_13a21
/usr/bin/cmake -E cmake_link_script CMakeFiles/cmTC_13a21.dir/link.txt --verbose=1
/usr/bin/cc  -DCHECK_FUNCTION_EXISTS=pthread_create    -rdynamic CMakeFiles/cmTC_13a21.dir/CheckFunctionExists.c.o  -o cmTC_13a21 -lpthreads 
/usr/bin/ld: cannot find -lpthreads
collect2: error: ld returned 1 exit status
CMakeFiles/cmTC_13a21.dir/build.make:97: recipe for target 'cmTC_13a21' failed
make[1]: *** [cmTC_13a21] Error 1
make[1]: Leaving directory '/home/kunal/catkin_ws/src/multirate-mpc-cbf/CMakeFiles/CMakeTmp'
Makefile:126: recipe for target 'cmTC_13a21/fast' failed
make: *** [cmTC_13a21/fast] Error 2


Determining if the pthread_create exist failed with the following output:
Change Dir: /home/kunal/catkin_ws/src/multirate-mpc-cbf/CMakeFiles/CMakeTmp

Run Build Command:"/usr/bin/make" "cmTC_b313b/fast"
/usr/bin/make -f CMakeFiles/cmTC_b313b.dir/build.make CMakeFiles/cmTC_b313b.dir/build
make[1]: Entering directory '/home/kunal/catkin_ws/src/multirate-mpc-cbf/CMakeFiles/CMakeTmp'
Building C object CMakeFiles/cmTC_b313b.dir/CheckSymbolExists.c.o
/usr/bin/cc    -o CMakeFiles/cmTC_b313b.dir/CheckSymbolExists.c.o   -c /home/kunal/catkin_ws/src/multirate-mpc-cbf/CMakeFiles/CMakeTmp/CheckSymbolExists.c
Linking C executable cmTC_b313b
/usr/bin/cmake -E cmake_link_script CMakeFiles/cmTC_b313b.dir/link.txt --verbose=1
/usr/bin/cc      -rdynamic CMakeFiles/cmTC_b313b.dir/CheckSymbolExists.c.o  -o cmTC_b313b 
CMakeFiles/cmTC_b313b.dir/CheckSymbolExists.c.o: In function `main':
CheckSymbolExists.c:(.text+0x1b): undefined reference to `pthread_create'
collect2: error: ld returned 1 exit status
CMakeFiles/cmTC_b313b.dir/build.make:97: recipe for target 'cmTC_b313b' failed
make[1]: *** [cmTC_b313b] Error 1
make[1]: Leaving directory '/home/kunal/catkin_ws/src/multirate-mpc-cbf/CMakeFiles/CMakeTmp'
Makefile:126: recipe for target 'cmTC_b313b/fast' failed
make: *** [cmTC_b313b/fast] Error 2

File /home/kunal/catkin_ws/src/multirate-mpc-cbf/CMakeFiles/CMakeTmp/CheckSymbolExists.c:
/* */
#include <pthread.h>

int main(int argc, char** argv)
{
  (void)argv;
#ifndef pthread_create
  return ((int*)(&pthread_create))[argc];
#else
  (void)argc;
  return 0;
#endif
}

Determining if the function pthread_create exists in the pthreads failed with the following output:
Change Dir: /home/kunal/catkin_ws/src/multirate-mpc-cbf/CMakeFiles/CMakeTmp

Run Build Command:"/usr/bin/make" "cmTC_8d173/fast"
/usr/bin/make -f CMakeFiles/cmTC_8d173.dir/build.make CMakeFiles/cmTC_8d173.dir/build
make[1]: Entering directory '/home/kunal/catkin_ws/src/multirate-mpc-cbf/CMakeFiles/CMakeTmp'
Building C object CMakeFiles/cmTC_8d173.dir/CheckFunctionExists.c.o
/usr/bin/cc   -DCHECK_FUNCTION_EXISTS=pthread_create   -o CMakeFiles/cmTC_8d173.dir/CheckFunctionExists.c.o   -c /usr/share/cmake-3.10/Modules/CheckFunctionExists.c
Linking C executable cmTC_8d173
/usr/bin/cmake -E cmake_link_script CMakeFiles/cmTC_8d173.dir/link.txt --verbose=1
/usr/bin/cc  -DCHECK_FUNCTION_EXISTS=pthread_create    -rdynamic CMakeFiles/cmTC_8d173.dir/CheckFunctionExists.c.o  -o cmTC_8d173 -lpthreads 
/usr/bin/ld: cannot find -lpthreads
collect2: error: ld returned 1 exit status
CMakeFiles/cmTC_8d173.dir/build.make:97: recipe for target 'cmTC_8d173' failed
make[1]: *** [cmTC_8d173] Error 1
make[1]: Leaving directory '/home/kunal/catkin_ws/src/multirate-mpc-cbf/CMakeFiles/CMakeTmp'
Makefile:126: recipe for target 'cmTC_8d173/fast' failed
make: *** [cmTC_8d173/fast] Error 2


